C51 COMPILER V9.52.0.0   KEY                                                               04/14/2016 21:31:09 PAGE 1   


C51 COMPILER V9.52.0.0, COMPILATION OF MODULE KEY
OBJECT MODULE PLACED IN key.obj
COMPILER INVOKED BY: C:\keilC51\C51\BIN\C51.EXE BSP\key.c BROWSE INCDIR(.\APP;.\BSP;..\..\CodeGroup;..\rgbcode) DEBUG OB
                    -JECTEXTEND PRINT(.\key.lst) TABS(2) OBJECT(key.obj)

line level    source

   1          
   2          #include "rsystem.h"
   3           
   4          
   5          void Key_Init(void)
   6          {
   7   1      
   8   1       
   9   1      }
  10          static uchar Get_Key(void)
  11          {
  12   1           if (KEY0_STATUS==RESET) return KEY_DOWN1;
  13   1           if (KEY1_STATUS==RESET) return KEY_DOWN2;
  14   1           if (KEY2_STATUS==RESET) return KEY_DOWN3;
  15   1           if (KEY3_STATUS==RESET) return KEY_DOWN4;
  16   1           return NO_KEY;
  17   1      }
  18          
  19          uchar Key_Scan(void)
  20          {
  21   1          static uchar Key_State   = 0;        //按键状态
  22   1          static uchar Key_Prev    = 0;        //上一次按键
  23   1          static uchar Key_Delay   = 0;        //按键连发时间
  24   1          uchar Key_Press  = NO_KEY;           //按键值
  25   1          uchar Key_Return = NO_KEY;           //按键返回值
  26   1      
  27   1          Key_Press = Get_Key();
  28   1      
  29   1          switch (Key_State)
  30   1          {
  31   2      
  32   2          case 0://按键初始态00
  33   2              if (Key_Press !=NO_KEY)//有按键按下
  34   2              {
  35   3                  Key_State = 1;//转到按键确认
  36   3                  Key_Prev  = Key_Press;//保存按键状态
  37   3              }
  38   2              break;
  39   2      
  40   2          case 1://按键确认态01
  41   2              if ( Key_Press ==Key_Prev )//确认和上次按键相同
  42   2              {
  43   3                  Key_State = 2;//判断按键长按
  44   3      
  45   3                  //返回按键按下键值,按键按下就响应,如果想弹起来再响应
  46   3                  //可以在弹起来后再返回按键值
  47   3                 
  48   3                  Key_Return = KEY_DOWN | Key_Prev;
  49   3              }
  50   2              else//按键抬起,是抖动,不响应按键
  51   2              {
  52   3                  Key_State = 0;
  53   3              }
  54   2              break;
C51 COMPILER V9.52.0.0   KEY                                                               04/14/2016 21:31:09 PAGE 2   

  55   2      
  56   2          case 2://按键释放态10
  57   2      //        if (Key_Press == NO_KEY )//按键释放了
  58   2      //        {
  59   2      //            Key_State = 0;
  60   2      //            Key_Delay = 0;
  61   2      //            Key_Series  = FALSE;
  62   2      //            Key_Return  = KEY_UP | Key_Prev;      //返回按键抬起值
  63   2      //            break;
  64   2      //        }
  65   2                Key_Delay++;
  66   2               if( (Key_Press == NO_KEY) && (Key_Delay<KEY_SERIES_DELAY))
  67   2                  {
  68   3                  Key_State = 0;
  69   3                  Key_Delay = 0;
  70   3                  Key_Return  = KEY_UP | Key_Prev;      //返回按键抬起值
  71   3                  break;
  72   3                  }
  73   2              if( (Key_Press == NO_KEY) && (Key_Delay>KEY_SERIES_DELAY))
  74   2                  {
  75   3                  Key_State = 0;
  76   3                  Key_Delay = 0;
  77   3                  Key_Return  = KEY_LONG | Key_Prev;      //返回按键抬起值
  78   3                  break;
  79   3                  }
  80   2          default :
  81   2              break;
  82   2          }
  83   1      
  84   1          return Key_Return;
  85   1      }
  86          
  87           
  88          


MODULE INFORMATION:   STATIC OVERLAYABLE
   CODE SIZE        =    122    ----
   CONSTANT SIZE    =   ----    ----
   XDATA SIZE       =   ----    ----
   PDATA SIZE       =   ----    ----
   DATA SIZE        =      3    ----
   IDATA SIZE       =   ----    ----
   BIT SIZE         =   ----    ----
END OF MODULE INFORMATION.


C51 COMPILATION COMPLETE.  0 WARNING(S),  0 ERROR(S)
