C51 COMPILER V9.01   MAIN                                                                  04/27/2016 23:54:00 PAGE 1   


C51 COMPILER V9.01, COMPILATION OF MODULE MAIN
OBJECT MODULE PLACED IN Main.OBJ
COMPILER INVOKED BY: C:\keil51\C51\BIN\C51.EXE Main.c BROWSE INCDIR(.\APP;.\BSP;..\..\CodeGroup;..\rgbcode) DEBUG OBJECT
                    -EXTEND

line level    source

   1          #include "rsystem.h"
   2          void main (void)
   3          {        
   4   1                 BspInit();
   5   1                
   6   1                       
   7   1        while(1)
   8   1         {
   9   2                       
  10   2      
  11   2          MainKeytask();
  12   2              if(OpenFlag==1){
  13   3                  SetDaModeValue(modelflag);
  14   3              
  15   3              } 
  16   2               
  17   2        }
  18   1      }
  19           
  20           
  21          
  22           


MODULE INFORMATION:   STATIC OVERLAYABLE
   CODE SIZE        =     18    ----
   CONSTANT SIZE    =   ----    ----
   XDATA SIZE       =   ----    ----
   PDATA SIZE       =   ----    ----
   DATA SIZE        =   ----    ----
   IDATA SIZE       =   ----    ----
   BIT SIZE         =   ----    ----
END OF MODULE INFORMATION.


C51 COMPILATION COMPLETE.  0 WARNING(S),  0 ERROR(S)
