C51 COMPILER V9.52.0.0   PWM                                                               04/14/2016 21:31:09 PAGE 1   


C51 COMPILER V9.52.0.0, COMPILATION OF MODULE PWM
OBJECT MODULE PLACED IN Pwm.obj
COMPILER INVOKED BY: C:\keilC51\C51\BIN\C51.EXE BSP\Pwm.c BROWSE INCDIR(.\APP;.\BSP;..\..\CodeGroup;..\rgbcode) DEBUG OB
                    -JECTEXTEND PRINT(.\Pwm.lst) TABS(2) OBJECT(Pwm.obj)

line level    source

   1           
   2          
   3          /*************  功能说明  **************
   4          
   5          ******************************************/
   6           
   7          #include "rsystem.h"
   8           /**************** 计算PWM重装值函数 *******************/
   9          u16 PWM_high,PWM_low; //中间变量 
  10          void  LoadPWM(u16 i)
  11          {
  12   1        u16 j;
  13   1      
  14   1        if(i > PWM_HIGH_MAX)    i = PWM_HIGH_MAX; //如果写入大于最大占空比数据，则强制为最大占空比。
  15   1        if(i < PWM_HIGH_MIN)    i = PWM_HIGH_MIN; //如果写入小于最小占空比数据，则强制为最小占空比。
  16   1        j = 65536UL - PWM_DUTY + i; //计算PWM低电平时间
  17   1        i = 65536UL - i;            //计算PWM高电平时间
  18   1        EA = 0;
  19   1        PWM_high = i; //装载PWM高电平时间
  20   1        PWM_low  = j; //装载PWM低电平时间
  21   1        EA = 1;
  22   1      }
  23          
  24          void SetTimerPwm(u8 flag){
  25   1      
  26   1      switch(flag){
  27   2      
  28   2      case 1:
  29   2         TLC5620_SetOutput(0,122);
  30   2        break;
  31   2      case 0:
  32   2         TLC5620_SetOutput(0,22);
  33   2        break;
  34   2      
  35   2      
  36   2      
  37   2      }
  38   1      
  39   1      
  40   1      }


MODULE INFORMATION:   STATIC OVERLAYABLE
   CODE SIZE        =     71    ----
   CONSTANT SIZE    =   ----    ----
   XDATA SIZE       =   ----    ----
   PDATA SIZE       =   ----    ----
   DATA SIZE        =      4    ----
   IDATA SIZE       =   ----    ----
   BIT SIZE         =   ----    ----
END OF MODULE INFORMATION.


C51 COMPILATION COMPLETE.  0 WARNING(S),  0 ERROR(S)
