C51 COMPILER V9.01   SETCHANNEL                                                            04/27/2016 23:53:59 PAGE 1   


C51 COMPILER V9.01, COMPILATION OF MODULE SETCHANNEL
OBJECT MODULE PLACED IN SetChannel.obj
COMPILER INVOKED BY: C:\keil51\C51\BIN\C51.EXE APP\SetChannel.c BROWSE INCDIR(.\APP;.\BSP;..\..\CodeGroup;..\rgbcode) DE
                    -BUG OBJECTEXTEND PRINT(.\SetChannel.lst) OBJECT(SetChannel.obj)

line level    source

   1          #include "rsystem.h"
   2          u16     pwm0,pwm1,pwm2,pwm3;
   3          
   4          void SetChannelData(u8 channel,u8  datavalue){
   5   1              switch(channel){
   6   2        case 1:UpdatePwm(PCA0,datavalue);
   7   2                      break;
   8   2        case 2:UpdatePwm(PCA1,datavalue);
   9   2                      break;
  10   2        case 3:UpdatePwm(PCA2,datavalue);
  11   2                      break;
  12   2        case 4:UpdatePwm(PCA3,datavalue);
  13   2                      break;
  14   2        case 5:
  15   2                      TLC5620_SetOutput(CHL0,datavalue);
  16   2                      break;
  17   2        case 6: 
  18   2                      TLC5620_SetOutput(CHL1,datavalue);
  19   2                      break;
  20   2        case 7: 
  21   2                      TLC5620_SetOutput(CHL2,datavalue);
  22   2                      break;  
  23   2        case 8:
  24   2              TLC5620_SetOutput(CHL3,datavalue);
  25   2                      break;          
  26   2      }
  27   1       
  28   1      }
  29          
  30          


MODULE INFORMATION:   STATIC OVERLAYABLE
   CODE SIZE        =     98    ----
   CONSTANT SIZE    =   ----    ----
   XDATA SIZE       =   ----    ----
   PDATA SIZE       =   ----    ----
   DATA SIZE        =      8       1
   IDATA SIZE       =   ----    ----
   BIT SIZE         =   ----    ----
END OF MODULE INFORMATION.


C51 COMPILATION COMPLETE.  0 WARNING(S),  0 ERROR(S)
