C51 COMPILER V9.52.0.0   TLC5620                                                           04/14/2016 21:31:09 PAGE 1   


C51 COMPILER V9.52.0.0, COMPILATION OF MODULE TLC5620
OBJECT MODULE PLACED IN TLC5620.obj
COMPILER INVOKED BY: C:\keilC51\C51\BIN\C51.EXE BSP\TLC5620.c BROWSE INCDIR(.\APP;.\BSP;..\..\CodeGroup;..\rgbcode) DEBU
                    -G OBJECTEXTEND PRINT(.\TLC5620.lst) TABS(2) OBJECT(TLC5620.obj)

line level    source

   1          /*
   2            
   3           *  文件名:   tlc5620.c
   4           *  文件描述: DA转换芯片TLC5620驱动文件
   5           *      
   6           *  当前版本: 1.0
   7           *  作者:  
   8           *  完成日期:    3.27
   9           *  
  10          */
  11          #include "rsystem.h"
  12          /**************************************
  13          说明: TLC5620初始化
  14          **************************************/
  15          unsigned char DadataSet[]={0,0,0,0};
  16          void TLC5620_Init(void)
  17          {
  18   1        TLC5620_CLK = 1;
  19   1        TLC5620_DATA = 0;
  20   1        TLC5620_LOAD = 0;
  21   1        TLC5620_LDAC = 0;
  22   1      }
  23          
  24          /**************************************
  25          说明: 输出单个通道的电压
  26          chl:  通道号, 0--3
  27          dat:  通道数据, 0--255
  28          **************************************/
  29          void TLC5620_SetOutput(unsigned char chl, unsigned char dat)
  30          {
  31   1        unsigned char i;
  32   1      
  33   1        /* 四个通道，只有低两位有效 */
  34   1        chl &= 0x03;
  35   1        /* 左移一位，加上RNG位 */
  36   1        chl <<= 1;
  37   1        chl |= RNG;
  38   1        /* 将数据移到高3位 */
  39   1        chl <<= 5;
  40   1      
  41   1        for(i=3; i>0; i--)
  42   1        {
  43   2          /* 从高位到低位依次移出数据 */
  44   2          TLC5620_DATA = (bit)(chl&0x80);
  45   2          /* 等待数据稳定 */
  46   2          TLC5620_CLK = 1;
  47   2          chl <<= 1;
  48   2          /* 下降沿将数据锁存 */
  49   2          TLC5620_CLK = 0;
  50   2        }
  51   1        for(i=8; i>0; i--)
  52   1        {
  53   2          /* 从高位到低位依次移出数据 */
  54   2          TLC5620_DATA = (bit)(dat&0x80);
C51 COMPILER V9.52.0.0   TLC5620                                                           04/14/2016 21:31:09 PAGE 2   

  55   2          /* 等待数据稳定 */
  56   2          TLC5620_CLK = 1;
  57   2          dat <<= 1;
  58   2          /* 下降沿将数据锁存 */
  59   2          TLC5620_CLK = 0;
  60   2        }
  61   1        /* LOAD下降沿将数据锁入寄存器 */
  62   1        TLC5620_LOAD = 0;
  63   1        _nop_();
  64   1        _nop_();
  65   1        TLC5620_LOAD = 1;
  66   1        _nop_();
  67   1        _nop_();
  68   1        /* LDAC下降沿将更新输出电压值 */
  69   1        TLC5620_LDAC = 0;
  70   1        _nop_();
  71   1        _nop_();
  72   1        TLC5620_LDAC = 1;
  73   1      }
  74          
  75           void SetMainDaValue1(u8 flagtemp){
  76   1      
  77   1      
  78   1      
  79   1      }
*** WARNING C280 IN LINE 75 OF BSP\TLC5620.c: 'flagtemp': unreferenced local variable


MODULE INFORMATION:   STATIC OVERLAYABLE
   CODE SIZE        =     75    ----
   CONSTANT SIZE    =   ----    ----
   XDATA SIZE       =   ----    ----
   PDATA SIZE       =   ----    ----
   DATA SIZE        =      4       1
   IDATA SIZE       =   ----    ----
   BIT SIZE         =   ----    ----
END OF MODULE INFORMATION.


C51 COMPILATION COMPLETE.  1 WARNING(S),  0 ERROR(S)
